<?xml version="1.0" encoding="UTF-8"?>
<testsuite name="InvoiceGeneratorTest" tests="1" skipped="0" failures="0" errors="0" timestamp="2020-04-07T16:15:50" hostname="Prasad" time="0.004">
  <properties/>
  <testcase name="givenUserId_WithPremiumSubscriptionPlan_ShouldReturnListOfRidesAndInvoice" classname="InvoiceGeneratorTest" time="0.004"/>
  <system-out><![CDATA[]]></system-out>
  <system-err><![CDATA[]]></system-err>
</testsuite>
